<?xml version="1.0" encoding="UTF-8"?>
<coverage generated="1610582924940" clover="3.2.0">
  <project timestamp="1610582924940" name="All files">
    <metrics statements="74" coveredstatements="64" conditionals="7" coveredconditionals="1" methods="18" coveredmethods="10" elements="99" coveredelements="75" complexity="0" loc="74" ncloc="74" packages="11" files="41" classes="41"/>
    <package name="assets.images.pokemonTypes">
      <metrics statements="20" coveredstatements="20" conditionals="0" coveredconditionals="0" methods="0" coveredmethods="0"/>
      <file name="bug.png" path="/Users/lucas-mac/Documents/Uol/pokeapiapp/src/assets/images/pokemonTypes/bug.png">
        <metrics statements="1" coveredstatements="1" conditionals="0" coveredconditionals="0" methods="0" coveredmethods="0"/>
        <line num="1" count="1" type="stmt"/>
      </file>
      <file name="dark.png" path="/Users/lucas-mac/Documents/Uol/pokeapiapp/src/assets/images/pokemonTypes/dark.png">
        <metrics statements="1" coveredstatements="1" conditionals="0" coveredconditionals="0" methods="0" coveredmethods="0"/>
        <line num="1" count="1" type="stmt"/>
      </file>
      <file name="dragon.png" path="/Users/lucas-mac/Documents/Uol/pokeapiapp/src/assets/images/pokemonTypes/dragon.png">
        <metrics statements="1" coveredstatements="1" conditionals="0" coveredconditionals="0" methods="0" coveredmethods="0"/>
        <line num="1" count="1" type="stmt"/>
      </file>
      <file name="electric.png" path="/Users/lucas-mac/Documents/Uol/pokeapiapp/src/assets/images/pokemonTypes/electric.png">
        <metrics statements="1" coveredstatements="1" conditionals="0" coveredconditionals="0" methods="0" coveredmethods="0"/>
        <line num="1" count="1" type="stmt"/>
      </file>
      <file name="fairy.png" path="/Users/lucas-mac/Documents/Uol/pokeapiapp/src/assets/images/pokemonTypes/fairy.png">
        <metrics statements="1" coveredstatements="1" conditionals="0" coveredconditionals="0" methods="0" coveredmethods="0"/>
        <line num="1" count="1" type="stmt"/>
      </file>
      <file name="fight.png" path="/Users/lucas-mac/Documents/Uol/pokeapiapp/src/assets/images/pokemonTypes/fight.png">
        <metrics statements="1" coveredstatements="1" conditionals="0" coveredconditionals="0" methods="0" coveredmethods="0"/>
        <line num="1" count="1" type="stmt"/>
      </file>
      <file name="fire.png" path="/Users/lucas-mac/Documents/Uol/pokeapiapp/src/assets/images/pokemonTypes/fire.png">
        <metrics statements="1" coveredstatements="1" conditionals="0" coveredconditionals="0" methods="0" coveredmethods="0"/>
        <line num="1" count="1" type="stmt"/>
      </file>
      <file name="flying.png" path="/Users/lucas-mac/Documents/Uol/pokeapiapp/src/assets/images/pokemonTypes/flying.png">
        <metrics statements="1" coveredstatements="1" conditionals="0" coveredconditionals="0" methods="0" coveredmethods="0"/>
        <line num="1" count="1" type="stmt"/>
      </file>
      <file name="ghost.png" path="/Users/lucas-mac/Documents/Uol/pokeapiapp/src/assets/images/pokemonTypes/ghost.png">
        <metrics statements="1" coveredstatements="1" conditionals="0" coveredconditionals="0" methods="0" coveredmethods="0"/>
        <line num="1" count="1" type="stmt"/>
      </file>
      <file name="grass.png" path="/Users/lucas-mac/Documents/Uol/pokeapiapp/src/assets/images/pokemonTypes/grass.png">
        <metrics statements="1" coveredstatements="1" conditionals="0" coveredconditionals="0" methods="0" coveredmethods="0"/>
        <line num="1" count="1" type="stmt"/>
      </file>
      <file name="ground.png" path="/Users/lucas-mac/Documents/Uol/pokeapiapp/src/assets/images/pokemonTypes/ground.png">
        <metrics statements="1" coveredstatements="1" conditionals="0" coveredconditionals="0" methods="0" coveredmethods="0"/>
        <line num="1" count="1" type="stmt"/>
      </file>
      <file name="ice.png" path="/Users/lucas-mac/Documents/Uol/pokeapiapp/src/assets/images/pokemonTypes/ice.png">
        <metrics statements="1" coveredstatements="1" conditionals="0" coveredconditionals="0" methods="0" coveredmethods="0"/>
        <line num="1" count="1" type="stmt"/>
      </file>
      <file name="normal.png" path="/Users/lucas-mac/Documents/Uol/pokeapiapp/src/assets/images/pokemonTypes/normal.png">
        <metrics statements="1" coveredstatements="1" conditionals="0" coveredconditionals="0" methods="0" coveredmethods="0"/>
        <line num="1" count="1" type="stmt"/>
      </file>
      <file name="poison.png" path="/Users/lucas-mac/Documents/Uol/pokeapiapp/src/assets/images/pokemonTypes/poison.png">
        <metrics statements="1" coveredstatements="1" conditionals="0" coveredconditionals="0" methods="0" coveredmethods="0"/>
        <line num="1" count="1" type="stmt"/>
      </file>
      <file name="psychic.png" path="/Users/lucas-mac/Documents/Uol/pokeapiapp/src/assets/images/pokemonTypes/psychic.png">
        <metrics statements="1" coveredstatements="1" conditionals="0" coveredconditionals="0" methods="0" coveredmethods="0"/>
        <line num="1" count="1" type="stmt"/>
      </file>
      <file name="rock.png" path="/Users/lucas-mac/Documents/Uol/pokeapiapp/src/assets/images/pokemonTypes/rock.png">
        <metrics statements="1" coveredstatements="1" conditionals="0" coveredconditionals="0" methods="0" coveredmethods="0"/>
        <line num="1" count="1" type="stmt"/>
      </file>
      <file name="shadow.png" path="/Users/lucas-mac/Documents/Uol/pokeapiapp/src/assets/images/pokemonTypes/shadow.png">
        <metrics statements="1" coveredstatements="1" conditionals="0" coveredconditionals="0" methods="0" coveredmethods="0"/>
        <line num="1" count="1" type="stmt"/>
      </file>
      <file name="steel.png" path="/Users/lucas-mac/Documents/Uol/pokeapiapp/src/assets/images/pokemonTypes/steel.png">
        <metrics statements="1" coveredstatements="1" conditionals="0" coveredconditionals="0" methods="0" coveredmethods="0"/>
        <line num="1" count="1" type="stmt"/>
      </file>
      <file name="unknown.png" path="/Users/lucas-mac/Documents/Uol/pokeapiapp/src/assets/images/pokemonTypes/unknown.png">
        <metrics statements="1" coveredstatements="1" conditionals="0" coveredconditionals="0" methods="0" coveredmethods="0"/>
        <line num="1" count="1" type="stmt"/>
      </file>
      <file name="water.png" path="/Users/lucas-mac/Documents/Uol/pokeapiapp/src/assets/images/pokemonTypes/water.png">
        <metrics statements="1" coveredstatements="1" conditionals="0" coveredconditionals="0" methods="0" coveredmethods="0"/>
        <line num="1" count="1" type="stmt"/>
      </file>
    </package>
    <package name="components.Lists.FullPageList">
      <metrics statements="7" coveredstatements="5" conditionals="3" coveredconditionals="1" methods="3" coveredmethods="1"/>
      <file name="index.tsx" path="/Users/lucas-mac/Documents/Uol/pokeapiapp/src/components/Lists/FullPageList/index.tsx">
        <metrics statements="4" coveredstatements="2" conditionals="3" coveredconditionals="1" methods="3" coveredmethods="1"/>
        <line num="22" count="1" type="stmt"/>
        <line num="28" count="1" type="stmt"/>
        <line num="31" count="0" type="stmt"/>
        <line num="33" count="0" type="stmt"/>
      </file>
      <file name="styles.ts" path="/Users/lucas-mac/Documents/Uol/pokeapiapp/src/components/Lists/FullPageList/styles.ts">
        <metrics statements="3" coveredstatements="3" conditionals="0" coveredconditionals="0" methods="0" coveredmethods="0"/>
        <line num="5" count="1" type="stmt"/>
        <line num="11" count="1" type="stmt"/>
        <line num="18" count="1" type="stmt"/>
      </file>
    </package>
    <package name="components.Lists.FullPageList.FullPageListItem">
      <metrics statements="6" coveredstatements="4" conditionals="0" coveredconditionals="0" methods="3" coveredmethods="1"/>
      <file name="index.tsx" path="/Users/lucas-mac/Documents/Uol/pokeapiapp/src/components/Lists/FullPageList/FullPageListItem/index.tsx">
        <metrics statements="3" coveredstatements="2" conditionals="0" coveredconditionals="0" methods="2" coveredmethods="1"/>
        <line num="16" count="2" type="stmt"/>
        <line num="22" count="1" type="stmt"/>
        <line num="23" count="0" type="stmt"/>
      </file>
      <file name="styles.ts" path="/Users/lucas-mac/Documents/Uol/pokeapiapp/src/components/Lists/FullPageList/FullPageListItem/styles.ts">
        <metrics statements="3" coveredstatements="2" conditionals="0" coveredconditionals="0" methods="1" coveredmethods="0"/>
        <line num="3" count="2" type="stmt"/>
        <line num="6" count="0" type="stmt"/>
        <line num="9" count="2" type="stmt"/>
      </file>
    </package>
    <package name="components.Sections.AbilitiesSection">
      <metrics statements="4" coveredstatements="4" conditionals="0" coveredconditionals="0" methods="2" coveredmethods="2"/>
      <file name="index.tsx" path="/Users/lucas-mac/Documents/Uol/pokeapiapp/src/components/Sections/AbilitiesSection/index.tsx">
        <metrics statements="3" coveredstatements="3" conditionals="0" coveredconditionals="0" methods="2" coveredmethods="2"/>
        <line num="10" count="1" type="stmt"/>
        <line num="13" count="1" type="stmt"/>
        <line num="16" count="2" type="stmt"/>
      </file>
      <file name="styles.ts" path="/Users/lucas-mac/Documents/Uol/pokeapiapp/src/components/Sections/AbilitiesSection/styles.ts">
        <metrics statements="1" coveredstatements="1" conditionals="0" coveredconditionals="0" methods="0" coveredmethods="0"/>
        <line num="3" count="1" type="stmt"/>
      </file>
    </package>
    <package name="components.Sections.AbilitiesSection.Ability">
      <metrics statements="6" coveredstatements="5" conditionals="0" coveredconditionals="0" methods="1" coveredmethods="0"/>
      <file name="index.tsx" path="/Users/lucas-mac/Documents/Uol/pokeapiapp/src/components/Sections/AbilitiesSection/Ability/index.tsx">
        <metrics statements="2" coveredstatements="1" conditionals="0" coveredconditionals="0" methods="1" coveredmethods="0"/>
        <line num="5" count="1" type="stmt"/>
        <line num="6" count="0" type="stmt"/>
      </file>
      <file name="styles.ts" path="/Users/lucas-mac/Documents/Uol/pokeapiapp/src/components/Sections/AbilitiesSection/Ability/styles.ts">
        <metrics statements="4" coveredstatements="4" conditionals="0" coveredconditionals="0" methods="0" coveredmethods="0"/>
        <line num="3" count="1" type="stmt"/>
        <line num="13" count="1" type="stmt"/>
        <line num="17" count="1" type="stmt"/>
        <line num="22" count="1" type="stmt"/>
      </file>
    </package>
    <package name="components.Sections.FormsSection">
      <metrics statements="4" coveredstatements="4" conditionals="0" coveredconditionals="0" methods="2" coveredmethods="2"/>
      <file name="index.tsx" path="/Users/lucas-mac/Documents/Uol/pokeapiapp/src/components/Sections/FormsSection/index.tsx">
        <metrics statements="3" coveredstatements="3" conditionals="0" coveredconditionals="0" methods="2" coveredmethods="2"/>
        <line num="10" count="1" type="stmt"/>
        <line num="13" count="1" type="stmt"/>
        <line num="16" count="2" type="stmt"/>
      </file>
      <file name="styles.ts" path="/Users/lucas-mac/Documents/Uol/pokeapiapp/src/components/Sections/FormsSection/styles.ts">
        <metrics statements="1" coveredstatements="1" conditionals="0" coveredconditionals="0" methods="0" coveredmethods="0"/>
        <line num="3" count="1" type="stmt"/>
      </file>
    </package>
    <package name="components.Sections.FormsSection.Form">
      <metrics statements="6" coveredstatements="5" conditionals="0" coveredconditionals="0" methods="1" coveredmethods="0"/>
      <file name="index.tsx" path="/Users/lucas-mac/Documents/Uol/pokeapiapp/src/components/Sections/FormsSection/Form/index.tsx">
        <metrics statements="2" coveredstatements="1" conditionals="0" coveredconditionals="0" methods="1" coveredmethods="0"/>
        <line num="5" count="1" type="stmt"/>
        <line num="6" count="0" type="stmt"/>
      </file>
      <file name="styles.ts" path="/Users/lucas-mac/Documents/Uol/pokeapiapp/src/components/Sections/FormsSection/Form/styles.ts">
        <metrics statements="4" coveredstatements="4" conditionals="0" coveredconditionals="0" methods="0" coveredmethods="0"/>
        <line num="3" count="1" type="stmt"/>
        <line num="13" count="1" type="stmt"/>
        <line num="17" count="1" type="stmt"/>
        <line num="22" count="1" type="stmt"/>
      </file>
    </package>
    <package name="components.Sections.StatsSection">
      <metrics statements="4" coveredstatements="4" conditionals="0" coveredconditionals="0" methods="2" coveredmethods="2"/>
      <file name="index.tsx" path="/Users/lucas-mac/Documents/Uol/pokeapiapp/src/components/Sections/StatsSection/index.tsx">
        <metrics statements="3" coveredstatements="3" conditionals="0" coveredconditionals="0" methods="2" coveredmethods="2"/>
        <line num="10" count="1" type="stmt"/>
        <line num="13" count="1" type="stmt"/>
        <line num="16" count="2" type="stmt"/>
      </file>
      <file name="styles.ts" path="/Users/lucas-mac/Documents/Uol/pokeapiapp/src/components/Sections/StatsSection/styles.ts">
        <metrics statements="1" coveredstatements="1" conditionals="0" coveredconditionals="0" methods="0" coveredmethods="0"/>
        <line num="3" count="1" type="stmt"/>
      </file>
    </package>
    <package name="components.Sections.StatsSection.Stats">
      <metrics statements="6" coveredstatements="5" conditionals="2" coveredconditionals="0" methods="1" coveredmethods="0"/>
      <file name="index.tsx" path="/Users/lucas-mac/Documents/Uol/pokeapiapp/src/components/Sections/StatsSection/Stats/index.tsx">
        <metrics statements="2" coveredstatements="1" conditionals="2" coveredconditionals="0" methods="1" coveredmethods="0"/>
        <line num="5" count="1" type="stmt"/>
        <line num="10" count="0" type="stmt"/>
      </file>
      <file name="styles.ts" path="/Users/lucas-mac/Documents/Uol/pokeapiapp/src/components/Sections/StatsSection/Stats/styles.ts">
        <metrics statements="4" coveredstatements="4" conditionals="0" coveredconditionals="0" methods="0" coveredmethods="0"/>
        <line num="3" count="1" type="stmt"/>
        <line num="13" count="1" type="stmt"/>
        <line num="17" count="1" type="stmt"/>
        <line num="22" count="1" type="stmt"/>
      </file>
    </package>
    <package name="components.Sections.TypesSection">
      <metrics statements="4" coveredstatements="4" conditionals="0" coveredconditionals="0" methods="2" coveredmethods="2"/>
      <file name="index.tsx" path="/Users/lucas-mac/Documents/Uol/pokeapiapp/src/components/Sections/TypesSection/index.tsx">
        <metrics statements="3" coveredstatements="3" conditionals="0" coveredconditionals="0" methods="2" coveredmethods="2"/>
        <line num="10" count="1" type="stmt"/>
        <line num="13" count="1" type="stmt"/>
        <line num="16" count="2" type="stmt"/>
      </file>
      <file name="styles.ts" path="/Users/lucas-mac/Documents/Uol/pokeapiapp/src/components/Sections/TypesSection/styles.ts">
        <metrics statements="1" coveredstatements="1" conditionals="0" coveredconditionals="0" methods="0" coveredmethods="0"/>
        <line num="3" count="1" type="stmt"/>
      </file>
    </package>
    <package name="components.Sections.TypesSection.Type">
      <metrics statements="7" coveredstatements="4" conditionals="2" coveredconditionals="0" methods="1" coveredmethods="0"/>
      <file name="index.tsx" path="/Users/lucas-mac/Documents/Uol/pokeapiapp/src/components/Sections/TypesSection/Type/index.tsx">
        <metrics statements="4" coveredstatements="1" conditionals="2" coveredconditionals="0" methods="1" coveredmethods="0"/>
        <line num="6" count="1" type="stmt"/>
        <line num="7" count="0" type="stmt"/>
        <line num="8" count="0" type="stmt"/>
        <line num="9" count="0" type="stmt"/>
      </file>
      <file name="styles.ts" path="/Users/lucas-mac/Documents/Uol/pokeapiapp/src/components/Sections/TypesSection/Type/styles.ts">
        <metrics statements="2" coveredstatements="2" conditionals="0" coveredconditionals="0" methods="0" coveredmethods="0"/>
        <line num="3" count="1" type="stmt"/>
        <line num="12" count="1" type="stmt"/>
      </file>
      <file name="types.ts" path="/Users/lucas-mac/Documents/Uol/pokeapiapp/src/components/Sections/TypesSection/Type/types.ts">
        <metrics statements="1" coveredstatements="1" conditionals="0" coveredconditionals="0" methods="0" coveredmethods="0"/>
        <line num="10" count="1" type="stmt"/>
      </file>
    </package>
  </project>
</coverage>
