{"/Users/lucas-mac/Documents/Uol/pokeapiapp/src/assets/images/pokemonTypes/bug.png": {"path":"/Users/lucas-mac/Documents/Uol/pokeapiapp/src/assets/images/pokemonTypes/bug.png","statementMap":{"0":{"start":{"line":1,"column":0},"end":{"line":4,"column":6}}},"fnMap":{},"branchMap":{},"s":{"0":1},"f":{},"b":{},"inputSourceMap":null,"_coverageSchema":"1a1c01bbd47fc00a2c39e90264f33305004495a9","hash":"eb3e846b02c7be492f1eeba4838ba5e76bf05753"}
,"/Users/lucas-mac/Documents/Uol/pokeapiapp/src/assets/images/pokemonTypes/dark.png": {"path":"/Users/lucas-mac/Documents/Uol/pokeapiapp/src/assets/images/pokemonTypes/dark.png","statementMap":{"0":{"start":{"line":1,"column":0},"end":{"line":4,"column":6}}},"fnMap":{},"branchMap":{},"s":{"0":1},"f":{},"b":{},"inputSourceMap":null,"_coverageSchema":"1a1c01bbd47fc00a2c39e90264f33305004495a9","hash":"482083ae9d8de2ad41bf615ade1b2958f7bb1a00"}
,"/Users/lucas-mac/Documents/Uol/pokeapiapp/src/assets/images/pokemonTypes/dragon.png": {"path":"/Users/lucas-mac/Documents/Uol/pokeapiapp/src/assets/images/pokemonTypes/dragon.png","statementMap":{"0":{"start":{"line":1,"column":0},"end":{"line":4,"column":6}}},"fnMap":{},"branchMap":{},"s":{"0":1},"f":{},"b":{},"inputSourceMap":null,"_coverageSchema":"1a1c01bbd47fc00a2c39e90264f33305004495a9","hash":"ba1f073fdb69f728f71e4a4cf74e58f275dd9710"}
,"/Users/lucas-mac/Documents/Uol/pokeapiapp/src/assets/images/pokemonTypes/electric.png": {"path":"/Users/lucas-mac/Documents/Uol/pokeapiapp/src/assets/images/pokemonTypes/electric.png","statementMap":{"0":{"start":{"line":1,"column":0},"end":{"line":4,"column":6}}},"fnMap":{},"branchMap":{},"s":{"0":1},"f":{},"b":{},"inputSourceMap":null,"_coverageSchema":"1a1c01bbd47fc00a2c39e90264f33305004495a9","hash":"b479a27855c76fb862947e79df0cb7884064bf35"}
,"/Users/lucas-mac/Documents/Uol/pokeapiapp/src/assets/images/pokemonTypes/fairy.png": {"path":"/Users/lucas-mac/Documents/Uol/pokeapiapp/src/assets/images/pokemonTypes/fairy.png","statementMap":{"0":{"start":{"line":1,"column":0},"end":{"line":4,"column":6}}},"fnMap":{},"branchMap":{},"s":{"0":1},"f":{},"b":{},"inputSourceMap":null,"_coverageSchema":"1a1c01bbd47fc00a2c39e90264f33305004495a9","hash":"cccd06ee5dfed99a8505a812eb5e53f1c849ac2b"}
,"/Users/lucas-mac/Documents/Uol/pokeapiapp/src/assets/images/pokemonTypes/fight.png": {"path":"/Users/lucas-mac/Documents/Uol/pokeapiapp/src/assets/images/pokemonTypes/fight.png","statementMap":{"0":{"start":{"line":1,"column":0},"end":{"line":4,"column":6}}},"fnMap":{},"branchMap":{},"s":{"0":1},"f":{},"b":{},"inputSourceMap":null,"_coverageSchema":"1a1c01bbd47fc00a2c39e90264f33305004495a9","hash":"4610685c8d96decb9701c19f34982bf5a3d2638c"}
,"/Users/lucas-mac/Documents/Uol/pokeapiapp/src/assets/images/pokemonTypes/fire.png": {"path":"/Users/lucas-mac/Documents/Uol/pokeapiapp/src/assets/images/pokemonTypes/fire.png","statementMap":{"0":{"start":{"line":1,"column":0},"end":{"line":4,"column":6}}},"fnMap":{},"branchMap":{},"s":{"0":1},"f":{},"b":{},"inputSourceMap":null,"_coverageSchema":"1a1c01bbd47fc00a2c39e90264f33305004495a9","hash":"68749d70bfa642f1e32c505d6a34a49382da4dc8"}
,"/Users/lucas-mac/Documents/Uol/pokeapiapp/src/assets/images/pokemonTypes/flying.png": {"path":"/Users/lucas-mac/Documents/Uol/pokeapiapp/src/assets/images/pokemonTypes/flying.png","statementMap":{"0":{"start":{"line":1,"column":0},"end":{"line":4,"column":6}}},"fnMap":{},"branchMap":{},"s":{"0":1},"f":{},"b":{},"inputSourceMap":null,"_coverageSchema":"1a1c01bbd47fc00a2c39e90264f33305004495a9","hash":"c81ed6937b779c1c7d9f3935d346a778e1c62f0e"}
,"/Users/lucas-mac/Documents/Uol/pokeapiapp/src/assets/images/pokemonTypes/ghost.png": {"path":"/Users/lucas-mac/Documents/Uol/pokeapiapp/src/assets/images/pokemonTypes/ghost.png","statementMap":{"0":{"start":{"line":1,"column":0},"end":{"line":4,"column":6}}},"fnMap":{},"branchMap":{},"s":{"0":1},"f":{},"b":{},"inputSourceMap":null,"_coverageSchema":"1a1c01bbd47fc00a2c39e90264f33305004495a9","hash":"b592ae021c417220dd55aa45fb4dd1832839d82e"}
,"/Users/lucas-mac/Documents/Uol/pokeapiapp/src/assets/images/pokemonTypes/grass.png": {"path":"/Users/lucas-mac/Documents/Uol/pokeapiapp/src/assets/images/pokemonTypes/grass.png","statementMap":{"0":{"start":{"line":1,"column":0},"end":{"line":4,"column":6}}},"fnMap":{},"branchMap":{},"s":{"0":1},"f":{},"b":{},"inputSourceMap":null,"_coverageSchema":"1a1c01bbd47fc00a2c39e90264f33305004495a9","hash":"34469c09e046e2316f1e7544f9f0b54ce3b4b424"}
,"/Users/lucas-mac/Documents/Uol/pokeapiapp/src/assets/images/pokemonTypes/ground.png": {"path":"/Users/lucas-mac/Documents/Uol/pokeapiapp/src/assets/images/pokemonTypes/ground.png","statementMap":{"0":{"start":{"line":1,"column":0},"end":{"line":4,"column":6}}},"fnMap":{},"branchMap":{},"s":{"0":1},"f":{},"b":{},"inputSourceMap":null,"_coverageSchema":"1a1c01bbd47fc00a2c39e90264f33305004495a9","hash":"7e923f18c9b3b7dd5aecedd1f4bf74fad41a680c"}
,"/Users/lucas-mac/Documents/Uol/pokeapiapp/src/assets/images/pokemonTypes/ice.png": {"path":"/Users/lucas-mac/Documents/Uol/pokeapiapp/src/assets/images/pokemonTypes/ice.png","statementMap":{"0":{"start":{"line":1,"column":0},"end":{"line":4,"column":6}}},"fnMap":{},"branchMap":{},"s":{"0":1},"f":{},"b":{},"inputSourceMap":null,"_coverageSchema":"1a1c01bbd47fc00a2c39e90264f33305004495a9","hash":"2ed36622d93eddec503fc23aa6196a4fe8ccae21"}
,"/Users/lucas-mac/Documents/Uol/pokeapiapp/src/assets/images/pokemonTypes/normal.png": {"path":"/Users/lucas-mac/Documents/Uol/pokeapiapp/src/assets/images/pokemonTypes/normal.png","statementMap":{"0":{"start":{"line":1,"column":0},"end":{"line":4,"column":6}}},"fnMap":{},"branchMap":{},"s":{"0":1},"f":{},"b":{},"inputSourceMap":null,"_coverageSchema":"1a1c01bbd47fc00a2c39e90264f33305004495a9","hash":"a121e9729d781393595cf357304ee3062bb9477b"}
,"/Users/lucas-mac/Documents/Uol/pokeapiapp/src/assets/images/pokemonTypes/poison.png": {"path":"/Users/lucas-mac/Documents/Uol/pokeapiapp/src/assets/images/pokemonTypes/poison.png","statementMap":{"0":{"start":{"line":1,"column":0},"end":{"line":4,"column":6}}},"fnMap":{},"branchMap":{},"s":{"0":1},"f":{},"b":{},"inputSourceMap":null,"_coverageSchema":"1a1c01bbd47fc00a2c39e90264f33305004495a9","hash":"6d4ed3c2ddf0d3e6bf7e8fd37a1ddd2d087484ef"}
,"/Users/lucas-mac/Documents/Uol/pokeapiapp/src/assets/images/pokemonTypes/psychic.png": {"path":"/Users/lucas-mac/Documents/Uol/pokeapiapp/src/assets/images/pokemonTypes/psychic.png","statementMap":{"0":{"start":{"line":1,"column":0},"end":{"line":4,"column":6}}},"fnMap":{},"branchMap":{},"s":{"0":1},"f":{},"b":{},"inputSourceMap":null,"_coverageSchema":"1a1c01bbd47fc00a2c39e90264f33305004495a9","hash":"7500a7f90b3006da827a5fdd292c65b709ee05ab"}
,"/Users/lucas-mac/Documents/Uol/pokeapiapp/src/assets/images/pokemonTypes/rock.png": {"path":"/Users/lucas-mac/Documents/Uol/pokeapiapp/src/assets/images/pokemonTypes/rock.png","statementMap":{"0":{"start":{"line":1,"column":0},"end":{"line":4,"column":6}}},"fnMap":{},"branchMap":{},"s":{"0":1},"f":{},"b":{},"inputSourceMap":null,"_coverageSchema":"1a1c01bbd47fc00a2c39e90264f33305004495a9","hash":"e7bd6bbde43e09e066ecffeab9bc8bb2525f3153"}
,"/Users/lucas-mac/Documents/Uol/pokeapiapp/src/assets/images/pokemonTypes/shadow.png": {"path":"/Users/lucas-mac/Documents/Uol/pokeapiapp/src/assets/images/pokemonTypes/shadow.png","statementMap":{"0":{"start":{"line":1,"column":0},"end":{"line":4,"column":6}}},"fnMap":{},"branchMap":{},"s":{"0":1},"f":{},"b":{},"inputSourceMap":null,"_coverageSchema":"1a1c01bbd47fc00a2c39e90264f33305004495a9","hash":"7195ab1ca88b3e3eb88df5cade6f773db53914aa"}
,"/Users/lucas-mac/Documents/Uol/pokeapiapp/src/assets/images/pokemonTypes/steel.png": {"path":"/Users/lucas-mac/Documents/Uol/pokeapiapp/src/assets/images/pokemonTypes/steel.png","statementMap":{"0":{"start":{"line":1,"column":0},"end":{"line":4,"column":6}}},"fnMap":{},"branchMap":{},"s":{"0":1},"f":{},"b":{},"inputSourceMap":null,"_coverageSchema":"1a1c01bbd47fc00a2c39e90264f33305004495a9","hash":"c57ffc12a68ee5ac705b261463f26d1e91aba871"}
,"/Users/lucas-mac/Documents/Uol/pokeapiapp/src/assets/images/pokemonTypes/unknown.png": {"path":"/Users/lucas-mac/Documents/Uol/pokeapiapp/src/assets/images/pokemonTypes/unknown.png","statementMap":{"0":{"start":{"line":1,"column":0},"end":{"line":4,"column":6}}},"fnMap":{},"branchMap":{},"s":{"0":1},"f":{},"b":{},"inputSourceMap":null,"_coverageSchema":"1a1c01bbd47fc00a2c39e90264f33305004495a9","hash":"e863f747968177b49ced6b48c0425c755b7cbf80"}
,"/Users/lucas-mac/Documents/Uol/pokeapiapp/src/assets/images/pokemonTypes/water.png": {"path":"/Users/lucas-mac/Documents/Uol/pokeapiapp/src/assets/images/pokemonTypes/water.png","statementMap":{"0":{"start":{"line":1,"column":0},"end":{"line":4,"column":6}}},"fnMap":{},"branchMap":{},"s":{"0":1},"f":{},"b":{},"inputSourceMap":null,"_coverageSchema":"1a1c01bbd47fc00a2c39e90264f33305004495a9","hash":"202e0af000f29852ca3dbf91f0be45132d7d6f15"}
,"/Users/lucas-mac/Documents/Uol/pokeapiapp/src/components/Lists/FullPageList/index.tsx": {"path":"/Users/lucas-mac/Documents/Uol/pokeapiapp/src/components/Lists/FullPageList/index.tsx","statementMap":{"0":{"start":{"line":22,"column":42},"end":{"line":52,"column":1}},"1":{"start":{"line":28,"column":2},"end":{"line":51,"column":4}},"2":{"start":{"line":31,"column":34},"end":{"line":31,"column":38}},"3":{"start":{"line":33,"column":8},"end":{"line":33,"column":76}}},"fnMap":{"0":{"name":"(anonymous_0)","decl":{"start":{"line":22,"column":42},"end":{"line":22,"column":43}},"loc":{"start":{"line":27,"column":17},"end":{"line":52,"column":1}},"line":27},"1":{"name":"(anonymous_1)","decl":{"start":{"line":31,"column":20},"end":{"line":31,"column":21}},"loc":{"start":{"line":31,"column":34},"end":{"line":31,"column":38}},"line":31},"2":{"name":"(anonymous_2)","decl":{"start":{"line":32,"column":18},"end":{"line":32,"column":19}},"loc":{"start":{"line":33,"column":8},"end":{"line":33,"column":76}},"line":33}},"branchMap":{"0":{"loc":{"start":{"line":25,"column":2},"end":{"line":25,"column":17}},"type":"default-arg","locations":[{"start":{"line":25,"column":12},"end":{"line":25,"column":17}}],"line":25},"1":{"loc":{"start":{"line":37,"column":11},"end":{"line":45,"column":11}},"type":"cond-expr","locations":[{"start":{"line":38,"column":12},"end":{"line":42,"column":14}},{"start":{"line":44,"column":12},"end":{"line":44,"column":58}}],"line":37}},"s":{"0":1,"1":1,"2":0,"3":0},"f":{"0":1,"1":0,"2":0},"b":{"0":[0],"1":[0,1]},"_coverageSchema":"1a1c01bbd47fc00a2c39e90264f33305004495a9","hash":"4d368061efe136a230654970cdb29727093348da"}
,"/Users/lucas-mac/Documents/Uol/pokeapiapp/src/components/Lists/FullPageList/styles.ts": {"path":"/Users/lucas-mac/Documents/Uol/pokeapiapp/src/components/Lists/FullPageList/styles.ts","statementMap":{"0":{"start":{"line":5,"column":30},"end":{"line":9,"column":1}},"1":{"start":{"line":11,"column":31},"end":{"line":16,"column":1}},"2":{"start":{"line":18,"column":26},"end":{"line":22,"column":1}}},"fnMap":{},"branchMap":{},"s":{"0":1,"1":1,"2":1},"f":{},"b":{},"_coverageSchema":"1a1c01bbd47fc00a2c39e90264f33305004495a9","hash":"7e788f3fbc1dd3426a302752b9dad2f702faf36f"}
,"/Users/lucas-mac/Documents/Uol/pokeapiapp/src/components/Lists/FullPageList/FullPageListItem/index.tsx": {"path":"/Users/lucas-mac/Documents/Uol/pokeapiapp/src/components/Lists/FullPageList/FullPageListItem/index.tsx","statementMap":{"0":{"start":{"line":16,"column":50},"end":{"line":27,"column":1}},"1":{"start":{"line":22,"column":2},"end":{"line":26,"column":4}},"2":{"start":{"line":23,"column":31},"end":{"line":23,"column":56}}},"fnMap":{"0":{"name":"(anonymous_0)","decl":{"start":{"line":16,"column":50},"end":{"line":16,"column":51}},"loc":{"start":{"line":21,"column":21},"end":{"line":27,"column":1}},"line":21},"1":{"name":"(anonymous_1)","decl":{"start":{"line":23,"column":24},"end":{"line":23,"column":25}},"loc":{"start":{"line":23,"column":31},"end":{"line":23,"column":56}},"line":23}},"branchMap":{},"s":{"0":2,"1":1,"2":0},"f":{"0":1,"1":0},"b":{},"_coverageSchema":"1a1c01bbd47fc00a2c39e90264f33305004495a9","hash":"62194de55ff5cd5418d14e6b5e2ecf00ed21cb59"}
,"/Users/lucas-mac/Documents/Uol/pokeapiapp/src/components/Lists/FullPageList/FullPageListItem/styles.ts": {"path":"/Users/lucas-mac/Documents/Uol/pokeapiapp/src/components/Lists/FullPageList/FullPageListItem/styles.ts","statementMap":{"0":{"start":{"line":3,"column":25},"end":{"line":7,"column":1}},"1":{"start":{"line":6,"column":40},"end":{"line":6,"column":64}},"2":{"start":{"line":9,"column":24},"end":{"line":13,"column":1}}},"fnMap":{"0":{"name":"(anonymous_0)","decl":{"start":{"line":6,"column":25},"end":{"line":6,"column":26}},"loc":{"start":{"line":6,"column":40},"end":{"line":6,"column":64}},"line":6}},"branchMap":{},"s":{"0":2,"1":0,"2":2},"f":{"0":0},"b":{},"_coverageSchema":"1a1c01bbd47fc00a2c39e90264f33305004495a9","hash":"7f4065a93453381fa847fcedcb5bd2ccb527b358"}
,"/Users/lucas-mac/Documents/Uol/pokeapiapp/src/components/Sections/AbilitiesSection/index.tsx": {"path":"/Users/lucas-mac/Documents/Uol/pokeapiapp/src/components/Sections/AbilitiesSection/index.tsx","statementMap":{"0":{"start":{"line":10,"column":54},"end":{"line":20,"column":1}},"1":{"start":{"line":13,"column":2},"end":{"line":19,"column":4}},"2":{"start":{"line":16,"column":8},"end":{"line":16,"column":56}}},"fnMap":{"0":{"name":"(anonymous_0)","decl":{"start":{"line":10,"column":54},"end":{"line":10,"column":55}},"loc":{"start":{"line":12,"column":27},"end":{"line":20,"column":1}},"line":12},"1":{"name":"(anonymous_1)","decl":{"start":{"line":15,"column":22},"end":{"line":15,"column":23}},"loc":{"start":{"line":16,"column":8},"end":{"line":16,"column":56}},"line":16}},"branchMap":{},"s":{"0":1,"1":1,"2":2},"f":{"0":1,"1":2},"b":{},"_coverageSchema":"1a1c01bbd47fc00a2c39e90264f33305004495a9","hash":"794c84ea787d8383a29957cd5ce4d87168db1725"}
,"/Users/lucas-mac/Documents/Uol/pokeapiapp/src/components/Sections/AbilitiesSection/styles.ts": {"path":"/Users/lucas-mac/Documents/Uol/pokeapiapp/src/components/Sections/AbilitiesSection/styles.ts","statementMap":{"0":{"start":{"line":3,"column":25},"end":{"line":10,"column":1}}},"fnMap":{},"branchMap":{},"s":{"0":1},"f":{},"b":{},"_coverageSchema":"1a1c01bbd47fc00a2c39e90264f33305004495a9","hash":"a070160340bf638329284209820a677eb9d95f40"}
,"/Users/lucas-mac/Documents/Uol/pokeapiapp/src/components/Sections/AbilitiesSection/Ability/index.tsx": {"path":"/Users/lucas-mac/Documents/Uol/pokeapiapp/src/components/Sections/AbilitiesSection/Ability/index.tsx","statementMap":{"0":{"start":{"line":5,"column":44},"end":{"line":11,"column":1}},"1":{"start":{"line":6,"column":2},"end":{"line":10,"column":4}}},"fnMap":{"0":{"name":"(anonymous_0)","decl":{"start":{"line":5,"column":44},"end":{"line":5,"column":45}},"loc":{"start":{"line":5,"column":79},"end":{"line":11,"column":1}},"line":5}},"branchMap":{},"s":{"0":1,"1":0},"f":{"0":0},"b":{},"_coverageSchema":"1a1c01bbd47fc00a2c39e90264f33305004495a9","hash":"33bf8204372267440a5818beb0003be4c5c4f31f"}
,"/Users/lucas-mac/Documents/Uol/pokeapiapp/src/components/Sections/AbilitiesSection/Ability/styles.ts": {"path":"/Users/lucas-mac/Documents/Uol/pokeapiapp/src/components/Sections/AbilitiesSection/Ability/styles.ts","statementMap":{"0":{"start":{"line":3,"column":25},"end":{"line":11,"column":1}},"1":{"start":{"line":13,"column":32},"end":{"line":15,"column":1}},"2":{"start":{"line":17,"column":27},"end":{"line":20,"column":1}},"3":{"start":{"line":22,"column":29},"end":{"line":25,"column":1}}},"fnMap":{},"branchMap":{},"s":{"0":1,"1":1,"2":1,"3":1},"f":{},"b":{},"_coverageSchema":"1a1c01bbd47fc00a2c39e90264f33305004495a9","hash":"2112539a639be118bcf960ce018bde710ea75682"}
,"/Users/lucas-mac/Documents/Uol/pokeapiapp/src/components/Sections/FormsSection/index.tsx": {"path":"/Users/lucas-mac/Documents/Uol/pokeapiapp/src/components/Sections/FormsSection/index.tsx","statementMap":{"0":{"start":{"line":10,"column":48},"end":{"line":20,"column":1}},"1":{"start":{"line":13,"column":2},"end":{"line":19,"column":4}},"2":{"start":{"line":16,"column":8},"end":{"line":16,"column":49}}},"fnMap":{"0":{"name":"(anonymous_0)","decl":{"start":{"line":10,"column":48},"end":{"line":10,"column":49}},"loc":{"start":{"line":12,"column":24},"end":{"line":20,"column":1}},"line":12},"1":{"name":"(anonymous_1)","decl":{"start":{"line":15,"column":18},"end":{"line":15,"column":19}},"loc":{"start":{"line":16,"column":8},"end":{"line":16,"column":49}},"line":16}},"branchMap":{},"s":{"0":1,"1":1,"2":2},"f":{"0":1,"1":2},"b":{},"_coverageSchema":"1a1c01bbd47fc00a2c39e90264f33305004495a9","hash":"cc807bc4effb2874f4e6f2f8e3e9d7c0ce0b99fc"}
,"/Users/lucas-mac/Documents/Uol/pokeapiapp/src/components/Sections/FormsSection/styles.ts": {"path":"/Users/lucas-mac/Documents/Uol/pokeapiapp/src/components/Sections/FormsSection/styles.ts","statementMap":{"0":{"start":{"line":3,"column":25},"end":{"line":10,"column":1}}},"fnMap":{},"branchMap":{},"s":{"0":1},"f":{},"b":{},"_coverageSchema":"1a1c01bbd47fc00a2c39e90264f33305004495a9","hash":"316137868b24983e7a38bf517155b508b4100b36"}
,"/Users/lucas-mac/Documents/Uol/pokeapiapp/src/components/Sections/FormsSection/Form/index.tsx": {"path":"/Users/lucas-mac/Documents/Uol/pokeapiapp/src/components/Sections/FormsSection/Form/index.tsx","statementMap":{"0":{"start":{"line":5,"column":38},"end":{"line":11,"column":1}},"1":{"start":{"line":6,"column":2},"end":{"line":10,"column":4}}},"fnMap":{"0":{"name":"(anonymous_0)","decl":{"start":{"line":5,"column":38},"end":{"line":5,"column":39}},"loc":{"start":{"line":5,"column":67},"end":{"line":11,"column":1}},"line":5}},"branchMap":{},"s":{"0":1,"1":0},"f":{"0":0},"b":{},"_coverageSchema":"1a1c01bbd47fc00a2c39e90264f33305004495a9","hash":"2950b596e2080ce2a3d2058ab429ce57d5406b8b"}
,"/Users/lucas-mac/Documents/Uol/pokeapiapp/src/components/Sections/FormsSection/Form/styles.ts": {"path":"/Users/lucas-mac/Documents/Uol/pokeapiapp/src/components/Sections/FormsSection/Form/styles.ts","statementMap":{"0":{"start":{"line":3,"column":25},"end":{"line":11,"column":1}},"1":{"start":{"line":13,"column":28},"end":{"line":15,"column":1}},"2":{"start":{"line":17,"column":24},"end":{"line":20,"column":1}},"3":{"start":{"line":22,"column":26},"end":{"line":25,"column":1}}},"fnMap":{},"branchMap":{},"s":{"0":1,"1":1,"2":1,"3":1},"f":{},"b":{},"_coverageSchema":"1a1c01bbd47fc00a2c39e90264f33305004495a9","hash":"29a7699ea1aa1d65dd01b9d10abbe547b265f5b2"}
,"/Users/lucas-mac/Documents/Uol/pokeapiapp/src/components/Sections/StatsSection/index.tsx": {"path":"/Users/lucas-mac/Documents/Uol/pokeapiapp/src/components/Sections/StatsSection/index.tsx","statementMap":{"0":{"start":{"line":10,"column":48},"end":{"line":25,"column":1}},"1":{"start":{"line":13,"column":2},"end":{"line":24,"column":4}},"2":{"start":{"line":16,"column":8},"end":{"line":21,"column":10}}},"fnMap":{"0":{"name":"(anonymous_0)","decl":{"start":{"line":10,"column":48},"end":{"line":10,"column":49}},"loc":{"start":{"line":12,"column":24},"end":{"line":25,"column":1}},"line":12},"1":{"name":"(anonymous_1)","decl":{"start":{"line":15,"column":18},"end":{"line":15,"column":19}},"loc":{"start":{"line":16,"column":8},"end":{"line":21,"column":10}},"line":16}},"branchMap":{},"s":{"0":1,"1":1,"2":2},"f":{"0":1,"1":2},"b":{},"_coverageSchema":"1a1c01bbd47fc00a2c39e90264f33305004495a9","hash":"e167b3ed5da4012194114614d0f6a6d9828ce9e8"}
,"/Users/lucas-mac/Documents/Uol/pokeapiapp/src/components/Sections/StatsSection/styles.ts": {"path":"/Users/lucas-mac/Documents/Uol/pokeapiapp/src/components/Sections/StatsSection/styles.ts","statementMap":{"0":{"start":{"line":3,"column":25},"end":{"line":9,"column":1}}},"fnMap":{},"branchMap":{},"s":{"0":1},"f":{},"b":{},"_coverageSchema":"1a1c01bbd47fc00a2c39e90264f33305004495a9","hash":"426011b787df73195a9153a9f23d94d08751d027"}
,"/Users/lucas-mac/Documents/Uol/pokeapiapp/src/components/Sections/StatsSection/Stats/index.tsx": {"path":"/Users/lucas-mac/Documents/Uol/pokeapiapp/src/components/Sections/StatsSection/Stats/index.tsx","statementMap":{"0":{"start":{"line":5,"column":38},"end":{"line":19,"column":1}},"1":{"start":{"line":10,"column":2},"end":{"line":18,"column":4}}},"fnMap":{"0":{"name":"(anonymous_0)","decl":{"start":{"line":5,"column":38},"end":{"line":5,"column":39}},"loc":{"start":{"line":9,"column":21},"end":{"line":19,"column":1}},"line":9}},"branchMap":{"0":{"loc":{"start":{"line":15,"column":21},"end":{"line":15,"column":45}},"type":"binary-expr","locations":[{"start":{"line":15,"column":21},"end":{"line":15,"column":27}},{"start":{"line":15,"column":31},"end":{"line":15,"column":45}}],"line":15}},"s":{"0":1,"1":0},"f":{"0":0},"b":{"0":[0,0]},"_coverageSchema":"1a1c01bbd47fc00a2c39e90264f33305004495a9","hash":"3ade53b8cf9a30103ab99ab3b3af5e1adc6d3eb2"}
,"/Users/lucas-mac/Documents/Uol/pokeapiapp/src/components/Sections/StatsSection/Stats/styles.ts": {"path":"/Users/lucas-mac/Documents/Uol/pokeapiapp/src/components/Sections/StatsSection/Stats/styles.ts","statementMap":{"0":{"start":{"line":3,"column":25},"end":{"line":11,"column":1}},"1":{"start":{"line":13,"column":28},"end":{"line":15,"column":1}},"2":{"start":{"line":17,"column":24},"end":{"line":20,"column":1}},"3":{"start":{"line":22,"column":26},"end":{"line":25,"column":1}}},"fnMap":{},"branchMap":{},"s":{"0":1,"1":1,"2":1,"3":1},"f":{},"b":{},"_coverageSchema":"1a1c01bbd47fc00a2c39e90264f33305004495a9","hash":"a3cc8383359a5233f37f0fbe2f7d5c7f0c200a48"}
,"/Users/lucas-mac/Documents/Uol/pokeapiapp/src/components/Sections/TypesSection/index.tsx": {"path":"/Users/lucas-mac/Documents/Uol/pokeapiapp/src/components/Sections/TypesSection/index.tsx","statementMap":{"0":{"start":{"line":10,"column":48},"end":{"line":20,"column":1}},"1":{"start":{"line":13,"column":2},"end":{"line":19,"column":4}},"2":{"start":{"line":16,"column":8},"end":{"line":16,"column":56}}},"fnMap":{"0":{"name":"(anonymous_0)","decl":{"start":{"line":10,"column":48},"end":{"line":10,"column":49}},"loc":{"start":{"line":12,"column":24},"end":{"line":20,"column":1}},"line":12},"1":{"name":"(anonymous_1)","decl":{"start":{"line":15,"column":18},"end":{"line":15,"column":19}},"loc":{"start":{"line":16,"column":8},"end":{"line":16,"column":56}},"line":16}},"branchMap":{},"s":{"0":1,"1":1,"2":2},"f":{"0":1,"1":2},"b":{},"_coverageSchema":"1a1c01bbd47fc00a2c39e90264f33305004495a9","hash":"59198031a99f57462fdbc3e611a0c8250267e860"}
,"/Users/lucas-mac/Documents/Uol/pokeapiapp/src/components/Sections/TypesSection/styles.ts": {"path":"/Users/lucas-mac/Documents/Uol/pokeapiapp/src/components/Sections/TypesSection/styles.ts","statementMap":{"0":{"start":{"line":3,"column":25},"end":{"line":9,"column":1}}},"fnMap":{},"branchMap":{},"s":{"0":1},"f":{},"b":{},"_coverageSchema":"1a1c01bbd47fc00a2c39e90264f33305004495a9","hash":"5470b68cbee95e92278e9f6ebd12fc31a6df3618"}
,"/Users/lucas-mac/Documents/Uol/pokeapiapp/src/components/Sections/TypesSection/Type/index.tsx": {"path":"/Users/lucas-mac/Documents/Uol/pokeapiapp/src/components/Sections/TypesSection/Type/index.tsx","statementMap":{"0":{"start":{"line":6,"column":38},"end":{"line":18,"column":1}},"1":{"start":{"line":7,"column":19},"end":{"line":7,"column":23}},"2":{"start":{"line":8,"column":17},"end":{"line":8,"column":41}},"3":{"start":{"line":9,"column":2},"end":{"line":17,"column":4}}},"fnMap":{"0":{"name":"(anonymous_0)","decl":{"start":{"line":6,"column":38},"end":{"line":6,"column":39}},"loc":{"start":{"line":6,"column":67},"end":{"line":18,"column":1}},"line":6}},"branchMap":{"0":{"loc":{"start":{"line":11,"column":7},"end":{"line":15,"column":7}},"type":"binary-expr","locations":[{"start":{"line":11,"column":7},"end":{"line":11,"column":13}},{"start":{"line":12,"column":8},"end":{"line":14,"column":20}}],"line":11}},"s":{"0":1,"1":0,"2":0,"3":0},"f":{"0":0},"b":{"0":[0,0]},"_coverageSchema":"1a1c01bbd47fc00a2c39e90264f33305004495a9","hash":"3592897ebe5a3417aadc3ee7cf504bdb16b0d1a4"}
,"/Users/lucas-mac/Documents/Uol/pokeapiapp/src/components/Sections/TypesSection/Type/styles.ts": {"path":"/Users/lucas-mac/Documents/Uol/pokeapiapp/src/components/Sections/TypesSection/Type/styles.ts","statementMap":{"0":{"start":{"line":3,"column":25},"end":{"line":10,"column":1}},"1":{"start":{"line":12,"column":25},"end":{"line":15,"column":1}}},"fnMap":{},"branchMap":{},"s":{"0":1,"1":1},"f":{},"b":{},"_coverageSchema":"1a1c01bbd47fc00a2c39e90264f33305004495a9","hash":"9f96b6f8941af17a5599d7eab09869940d5e729a"}
,"/Users/lucas-mac/Documents/Uol/pokeapiapp/src/components/Sections/TypesSection/Type/types.ts": {"path":"/Users/lucas-mac/Documents/Uol/pokeapiapp/src/components/Sections/TypesSection/Type/types.ts","statementMap":{"0":{"start":{"line":10,"column":42},"end":{"line":91,"column":1}}},"fnMap":{},"branchMap":{},"s":{"0":1},"f":{},"b":{},"_coverageSchema":"1a1c01bbd47fc00a2c39e90264f33305004495a9","hash":"0903114304dd4614449417f5505a2a869d325906"}
}
